<?xml version="1.0" encoding="UTF-8"?>
<!-- Generated by org.testng.reporters.JUnitXMLReporter -->
<testsuite ignored="0" hostname="INBAWN146088" failures="1" tests="2" name="Error validation Test" time="9.352" errors="0" timestamp="2023-08-31T11:33:40 IST">
  <testcase classname="webframework.SeleniumWebFrameWorkDesign.Test.ErrorValidations" name="ErrorValid" time="0.564">
    <skipped/>
  </testcase> <!-- ErrorValid -->
  <testcase classname="webframework.SeleniumWebFrameWorkDesign.Test.ErrorValidations" name="ErrorValid" time="0.467">
    <failure type="java.lang.AssertionError" message="expected [Incorrect email or password.] but found [Incorrect email lr password.]">
      <![CDATA[java.lang.AssertionError: expected [Incorrect email or password.] but found [Incorrect email lr password.]
at webframework.SeleniumWebFrameWorkDesign.Test.ErrorValidations.ErrorValid(ErrorValidations.java:33)
at java.base/java.util.ArrayList.forEach(ArrayList.java:1511)
... Removed 33 stack frames]]>
    </failure>
  </testcase> <!-- ErrorValid -->
</testsuite> <!-- Error validation Test -->
