<?xml version="1.0" encoding="UTF-8"?>
<!-- Generated by org.testng.reporters.JUnitXMLReporter -->
<testsuite ignored="0" hostname="INBAWN146088" failures="0" tests="2" name="Order submmitioin Test" time="20.116" errors="0" timestamp="2023-08-31T11:34:22 IST">
  <testcase classname="webframework.SeleniumWebFrameWorkDesign.Test.FullflowTest" name="submitOrder" time="14.63"/>
  <testcase classname="webframework.SeleniumWebFrameWorkDesign.Test.FullflowTest" name="OrderHistoryTest" time="0.0"/>
</testsuite> <!-- Order submmitioin Test -->
