<?xml version="1.0" encoding="UTF-8"?>
<!-- Generated by org.testng.reporters.JUnitXMLReporter -->
<testsuite ignored="0" hostname="INBAWN146088" failures="0" tests="2" name="Order submmitioin Test" time="19.757" errors="0" timestamp="2023-08-29T16:36:37 IST">
  <testcase classname="webframework.SeleniumWebFrameWorkDesign.Test.FullflowTest" name="submitOrder" time="14.546"/>
  <testcase classname="webframework.SeleniumWebFrameWorkDesign.Test.FullflowTest" name="OrderHistoryTest" time="0.001"/>
</testsuite> <!-- Order submmitioin Test -->
