<?xml version="1.0" encoding="UTF-8"?>
<!-- Generated by org.testng.reporters.JUnitXMLReporter -->
<testsuite ignored="0" hostname="INBAWN146088" failures="0" tests="4" name="Test" time="55.29" errors="0" timestamp="2023-08-10T14:57:41 IST">
  <testcase classname="webframework.SeleniumWebFrameWorkDesign.Test.ErrorValidations" name="ErrorValid" time="0.975"/>
  <testcase classname="webframework.SeleniumWebFrameWorkDesign.Test.FullflowTest" name="submitOrder" time="14.99"/>
  <testcase classname="webframework.SeleniumWebFrameWorkDesign.Test.LoginPageTest" name="ErrorValid" time="0.95"/>
  <testcase classname="webframework.SeleniumWebFrameWorkDesign.Test.LoginPageTest" name="submitOrder" time="15.161"/>
</testsuite> <!-- Test -->
