<?xml version="1.0" encoding="UTF-8"?>
<!-- Generated by org.testng.reporters.JUnitXMLReporter -->
<testsuite ignored="0" hostname="INBAWN146088" failures="0" tests="2" name="Cumulative Tests" time="29.818" errors="0" timestamp="2023-08-30T11:13:03 IST">
  <testcase classname="webframework.SeleniumWebFrameWorkDesign.Test.LoginPageTest" name="submitOrder" time="14.85"/>
  <testcase classname="webframework.SeleniumWebFrameWorkDesign.Test.LoginPageTest" name="ErrorValid" time="0.396"/>
</testsuite> <!-- Cumulative Tests -->
