<?xml version="1.0" encoding="UTF-8"?>
<testng-results ignored="0" total="1" passed="1" failed="0" skipped="0">
  <reporter-output>
  </reporter-output>
  <suite started-at="2023-10-05T11:06:48 IST" name="Default suite" finished-at="2023-10-05T11:06:49 IST" duration-ms="612">
    <groups>
    </groups>
    <test started-at="2023-10-05T11:06:48 IST" name="Default test" finished-at="2023-10-05T11:06:49 IST" duration-ms="612">
      <class name="webframework.SeleniumWebFrameWorkDesign.Test.ConvertjsontoMAp">
        <test-method signature="retrnData(java.util.Map)[pri:0, instance:webframework.SeleniumWebFrameWorkDesign.Test.ConvertjsontoMAp@740cae06]" started-at="2023-10-05T11:06:49 IST" name="retrnData" data-provider="getJsontoMap" finished-at="2023-10-05T11:06:49 IST" duration-ms="11" status="PASS">
          <params>
            <param index="0">
              <value>
                <![CDATA[{paswrd=S@chin200, email=saistudent080796@gmail.com}]]>
              </value>
            </param>
          </params>
          <reporter-output>
          </reporter-output>
        </test-method> <!-- retrnData -->
      </class> <!-- webframework.SeleniumWebFrameWorkDesign.Test.ConvertjsontoMAp -->
    </test> <!-- Default test -->
  </suite> <!-- Default suite -->
</testng-results>
